2023-05-31 08:10:15 - INFO - 
  训练参数：
     训练模式：False
     训练轮次：4000
     执行动作：0
     exploration_max: 0.02
     exploration_min: 0.02
     exploration_decay: 0.999
     lr: 0.00025
     batch size: 64
     max_memory_size: 50000
     gamma: 0.9
     copy_step: 5000
     save_path: ./runs/exp30
     test_model_dir: runs/exp27
     desc: 
     render_mode: 0

2023-05-31 08:10:21 - INFO - Episode 2, total score=2117, average score=2142.00, exploration_rate=0.0200, 每步耗时：0.0013, 训练耗时：0.0000
2023-05-31 08:10:24 - INFO - Episode 3, total score=2187, average score=2157.00, exploration_rate=0.0200, 每步耗时：0.0013, 训练耗时：0.0000
2023-05-31 08:10:25 - INFO - Episode 4, total score=985, average score=1864.00, exploration_rate=0.0200, 每步耗时：0.0012, 训练耗时：0.0000
2023-05-31 08:10:28 - INFO - Episode 5, total score=2187, average score=1928.60, exploration_rate=0.0200, 每步耗时：0.0013, 训练耗时：0.0000
2023-05-31 08:10:31 - INFO - Episode 6, total score=2187, average score=1971.67, exploration_rate=0.0200, 每步耗时：0.0014, 训练耗时：0.0000
