2023-05-30 15:25:31 - INFO - 
  训练参数：
     训练模式：False
     训练轮次：50
     执行动作：0
     exploration_max: 0.02
     exploration_min: 0.02
     exploration_decay: 0.999
     lr: 0.00025
     batch size: 64
     max_memory_size: 50000
     gamma: 0.9
     copy_step: 5000
     save_path: ./runs/exp25
     test_model_dir: runs/exp13
     desc: 
     render_mode: 0

2023-05-30 15:25:36 - INFO - Episode 2, total score=1946, average score=1511.00, exploration_rate=0.0200, 每步耗时：0.0012, 训练耗时：0.0000
2023-05-30 15:25:41 - INFO - Episode 3, total score=3059, average score=2027.00, exploration_rate=0.0200, 每步耗时：0.0013, 训练耗时：0.0000
2023-05-30 15:25:43 - INFO - Episode 4, total score=1422, average score=1875.75, exploration_rate=0.0200, 每步耗时：0.0013, 训练耗时：0.0000
