2023-05-30 01:43:05 - INFO - 
  训练参数：
     训练模式：True
     训练轮次：4000
     执行动作：1
     exploration_max: 0.02
     exploration_min: 0.02
     exploration_decay: 0.999
     lr: 0.00025
     batch size: 64
     max_memory_size: 50000
     gamma: 0.9
     copy_step: 5000
     save_path: ./runs/exp20
     test_model_dir: runs/exp3
     desc: 
     render_mode: 0

2023-05-30 01:43:11 - INFO - Episode 2, total score=252, average score=238.00, exploration_rate=0.0200, 每步耗时：0.0014, 训练耗时：0.0208
2023-05-30 01:43:16 - INFO - Episode 3, total score=253, average score=243.00, exploration_rate=0.0200, 每步耗时：0.0022, 训练耗时：0.1419
2023-05-30 01:43:21 - INFO - Episode 4, total score=254, average score=245.75, exploration_rate=0.0200, 每步耗时：0.0014, 训练耗时：0.1419
2023-05-30 01:43:27 - INFO - Episode 5, total score=253, average score=247.20, exploration_rate=0.0200, 每步耗时：0.0016, 训练耗时：0.1448
2023-05-30 01:43:34 - INFO - Episode 6, total score=352, average score=264.67, exploration_rate=0.0200, 每步耗时：0.0014, 训练耗时：0.1420
2023-05-30 01:43:38 - INFO - Episode 7, total score=256, average score=263.43, exploration_rate=0.0200, 每步耗时：0.0014, 训练耗时：0.1408
2023-05-30 01:43:45 - INFO - Episode 8, total score=255, average score=262.38, exploration_rate=0.0200, 每步耗时：0.0014, 训练耗时：0.1414
