2023-05-27 22:21:50 - INFO - 
  训练参数：
     训练模式：True
     训练轮次：50
     执行动作：1
     exploration_max: 1.0
     exploration_min: 0.02
     exploration_decay: 0.999999
     lr: 0.0001
     batch size: 32
     max_memory_size: 3000
     gamma: 0.95
     copy_step: 5000
     save_path: ./runs/exp10
     test_model_dir: runs/exp3
     desc: 
     render_mode: 0

2023-05-27 22:22:10 - INFO - Episode 2, total score=705, average score=467.00, exploration_rate=0.9998, 每步耗时：0.0000, 训练耗时：0.0775
2023-05-27 22:22:14 - INFO - Episode 3, total score=229, average score=387.67, exploration_rate=0.9998, 每步耗时：0.0000, 训练耗时：0.0778
2023-05-27 22:22:39 - INFO - Episode 4, total score=733, average score=474.00, exploration_rate=0.9995, 每步耗时：0.0001, 训练耗时：0.0785
2023-05-27 22:23:19 - INFO - Episode 5, total score=648, average score=508.80, exploration_rate=0.9991, 每步耗时：0.0000, 训练耗时：0.0783
2023-05-27 22:23:28 - INFO - Episode 6, total score=619, average score=527.17, exploration_rate=0.9990, 每步耗时：0.0001, 训练耗时：0.0801
