2023-05-31 08:39:48 - INFO - 
  训练参数：
     训练模式：False
     训练轮次：4000
     执行动作：1
     exploration_max: 0.02
     exploration_min: 0.02
     exploration_decay: 0.999
     lr: 0.00025
     batch size: 64
     max_memory_size: 50000
     gamma: 0.9
     copy_step: 5000
     save_path: ./runs/exp31
     test_model_dir: runs/exp21
     desc: 
     render_mode: 0

2023-05-31 08:39:51 - INFO - Episode 2, total score=688, average score=761.50, exploration_rate=0.0200, 每步耗时：0.0013, 训练耗时：0.0000
2023-05-31 08:39:52 - INFO - Episode 3, total score=688, average score=737.00, exploration_rate=0.0200, 每步耗时：0.0012, 训练耗时：0.0000
2023-05-31 08:39:53 - INFO - Episode 4, total score=688, average score=724.75, exploration_rate=0.0200, 每步耗时：0.0013, 训练耗时：0.0000
2023-05-31 08:39:54 - INFO - Episode 5, total score=688, average score=717.40, exploration_rate=0.0200, 每步耗时：0.0012, 训练耗时：0.0000
2023-05-31 08:39:55 - INFO - Episode 6, total score=616, average score=700.50, exploration_rate=0.0200, 每步耗时：0.0012, 训练耗时：0.0000
2023-05-31 08:39:55 - INFO - Episode 7, total score=328, average score=647.29, exploration_rate=0.0200, 每步耗时：0.0013, 训练耗时：0.0000
2023-05-31 08:39:56 - INFO - Episode 8, total score=688, average score=652.38, exploration_rate=0.0200, 每步耗时：0.0013, 训练耗时：0.0000
2023-05-31 08:39:57 - INFO - Episode 9, total score=688, average score=656.33, exploration_rate=0.0200, 每步耗时：0.0013, 训练耗时：0.0000
2023-05-31 08:39:58 - INFO - Episode 10, total score=688, average score=659.50, exploration_rate=0.0200, 每步耗时：0.0013, 训练耗时：0.0000
2023-05-31 08:39:59 - INFO - Episode 11, total score=688, average score=662.09, exploration_rate=0.0200, 每步耗时：0.0013, 训练耗时：0.0000
2023-05-31 08:40:00 - INFO - Episode 12, total score=688, average score=664.25, exploration_rate=0.0200, 每步耗时：0.0014, 训练耗时：0.0000
